To https://github.com/hdubs2026/evergreen-dashboard.git
   7add725..e71d3cc  main -> main
To https://github.com/hdubs2026/evergreen-dashboard.git
   13673a4..36a236b  main -> main
To https://github.com/hdubs2026/evergreen-dashboard.git
   36a236b..4f425db  main -> main
To https://github.com/hdubs2026/evergreen-dashboard.git
   4f425db..be8c511  main -> main
To https://github.com/hdubs2026/evergreen-dashboard.git
   be8c511..552b76c  main -> main
To https://github.com/hdubs2026/evergreen-dashboard.git
   552b76c..183bf70  main -> main
To https://github.com/hdubs2026/evergreen-dashboard.git
   183bf70..d34d65a  main -> main
To https://github.com/hdubs2026/evergreen-dashboard.git
   d34d65a..4e6232f  main -> main
To https://github.com/hdubs2026/evergreen-dashboard.git
   4e6232f..e6fc7f5  main -> main
To https://github.com/hdubs2026/evergreen-dashboard.git
   e6fc7f5..f211080  main -> main
To https://github.com/hdubs2026/evergreen-dashboard.git
   f211080..2b9cd5d  main -> main
To https://github.com/hdubs2026/evergreen-dashboard.git
   2b9cd5d..466a6fd  main -> main
To https://github.com/hdubs2026/evergreen-dashboard.git
   466a6fd..c09c6dc  main -> main
To https://github.com/hdubs2026/evergreen-dashboard.git
   c09c6dc..cc989c6  main -> main
To https://github.com/hdubs2026/evergreen-dashboard.git
   cc989c6..7a894bf  main -> main
To https://github.com/hdubs2026/evergreen-dashboard.git
   7a894bf..d91c12b  main -> main
To https://github.com/hdubs2026/evergreen-dashboard.git
   d91c12b..298a186  main -> main
To https://github.com/hdubs2026/evergreen-dashboard.git
   298a186..2659c2c  main -> main
To https://github.com/hdubs2026/evergreen-dashboard.git
   2659c2c..267dba7  main -> main
To https://github.com/hdubs2026/evergreen-dashboard.git
   267dba7..1d83b67  main -> main
To https://github.com/hdubs2026/evergreen-dashboard.git
   1d83b67..9e6ee8b  main -> main
To https://github.com/hdubs2026/evergreen-dashboard.git
   9e6ee8b..0e70f76  main -> main
To https://github.com/hdubs2026/evergreen-dashboard.git
   0e70f76..d578cb7  main -> main
To https://github.com/hdubs2026/evergreen-dashboard.git
   d578cb7..37f103e  main -> main
To https://github.com/hdubs2026/evergreen-dashboard.git
   37f103e..582a57b  main -> main
To https://github.com/hdubs2026/evergreen-dashboard.git
   582a57b..4e20962  main -> main
To https://github.com/hdubs2026/evergreen-dashboard.git
   4e20962..94c3c24  main -> main
To https://github.com/hdubs2026/evergreen-dashboard.git
   94c3c24..de36eb4  main -> main
To https://github.com/hdubs2026/evergreen-dashboard.git
   de36eb4..939819a  main -> main
To https://github.com/hdubs2026/evergreen-dashboard.git
   939819a..2631805  main -> main
To https://github.com/hdubs2026/evergreen-dashboard.git
   2631805..99d2aec  main -> main
To https://github.com/hdubs2026/evergreen-dashboard.git
   99d2aec..664a779  main -> main
To https://github.com/hdubs2026/evergreen-dashboard.git
   664a779..e8ed4d8  main -> main
To https://github.com/hdubs2026/evergreen-dashboard.git
   e8ed4d8..15991ce  main -> main
To https://github.com/hdubs2026/evergreen-dashboard.git
   15991ce..ff755d3  main -> main
To https://github.com/hdubs2026/evergreen-dashboard.git
   ff755d3..80dcb28  main -> main
To https://github.com/hdubs2026/evergreen-dashboard.git
   80dcb28..58ec759  main -> main
To https://github.com/hdubs2026/evergreen-dashboard.git
   58ec759..d557073  main -> main
To https://github.com/hdubs2026/evergreen-dashboard.git
   d557073..5bc2b45  main -> main
To https://github.com/hdubs2026/evergreen-dashboard.git
   5bc2b45..acadfb8  main -> main
To https://github.com/hdubs2026/evergreen-dashboard.git
   acadfb8..c6e8ea2  main -> main
To https://github.com/hdubs2026/evergreen-dashboard.git
   c6e8ea2..f06a792  main -> main
To https://github.com/hdubs2026/evergreen-dashboard.git
   f06a792..7969628  main -> main
To https://github.com/hdubs2026/evergreen-dashboard.git
   7969628..9590463  main -> main
To https://github.com/hdubs2026/evergreen-dashboard.git
   9590463..33d2db3  main -> main
To https://github.com/hdubs2026/evergreen-dashboard.git
   33d2db3..9616da0  main -> main
To https://github.com/hdubs2026/evergreen-dashboard.git
   9616da0..9a76f8b  main -> main
To https://github.com/hdubs2026/evergreen-dashboard.git
   9a76f8b..63519ac  main -> main
To https://github.com/hdubs2026/evergreen-dashboard.git
   63519ac..140622b  main -> main
To https://github.com/hdubs2026/evergreen-dashboard.git
   140622b..def43ae  main -> main
To https://github.com/hdubs2026/evergreen-dashboard.git
   def43ae..19df5b7  main -> main
To https://github.com/hdubs2026/evergreen-dashboard.git
   19df5b7..d321bf6  main -> main
To https://github.com/hdubs2026/evergreen-dashboard.git
   d321bf6..9ebdb45  main -> main
To https://github.com/hdubs2026/evergreen-dashboard.git
   9ebdb45..2497df0  main -> main
To https://github.com/hdubs2026/evergreen-dashboard.git
   2497df0..4371e2f  main -> main
To https://github.com/hdubs2026/evergreen-dashboard.git
   4371e2f..3271f26  main -> main
To https://github.com/hdubs2026/evergreen-dashboard.git
   3271f26..e998a68  main -> main
To https://github.com/hdubs2026/evergreen-dashboard.git
   e998a68..ef1dca5  main -> main
To https://github.com/hdubs2026/evergreen-dashboard.git
   ef1dca5..9345e1f  main -> main
To https://github.com/hdubs2026/evergreen-dashboard.git
   9345e1f..f48337c  main -> main
To https://github.com/hdubs2026/evergreen-dashboard.git
   f48337c..d2facaf  main -> main
To https://github.com/hdubs2026/evergreen-dashboard.git
   d2facaf..3af8e67  main -> main
To https://github.com/hdubs2026/evergreen-dashboard.git
   3af8e67..96b7bdd  main -> main
To https://github.com/hdubs2026/evergreen-dashboard.git
   96b7bdd..b0c1fe4  main -> main
To https://github.com/hdubs2026/evergreen-dashboard.git
   b0c1fe4..5b0189d  main -> main
To https://github.com/hdubs2026/evergreen-dashboard.git
   5b0189d..0de15ce  main -> main
To https://github.com/hdubs2026/evergreen-dashboard.git
   0de15ce..ec58564  main -> main
To https://github.com/hdubs2026/evergreen-dashboard.git
   ec58564..c0eaa43  main -> main
To https://github.com/hdubs2026/evergreen-dashboard.git
   c0eaa43..b89f0e7  main -> main
To https://github.com/hdubs2026/evergreen-dashboard.git
   b89f0e7..eac1608  main -> main
To https://github.com/hdubs2026/evergreen-dashboard.git
   eac1608..4ae5f89  main -> main
To https://github.com/hdubs2026/evergreen-dashboard.git
   4ae5f89..0774566  main -> main
To https://github.com/hdubs2026/evergreen-dashboard.git
   0774566..b8dae72  main -> main
fatal: unable to access 'https://github.com/hdubs2026/evergreen-dashboard.git/': Send failure: Broken pipe
To https://github.com/hdubs2026/evergreen-dashboard.git
   b8dae72..d87bdc2  main -> main
To https://github.com/hdubs2026/evergreen-dashboard.git
   d87bdc2..4ed86a6  main -> main
To https://github.com/hdubs2026/evergreen-dashboard.git
   4ed86a6..138fc4b  main -> main
To https://github.com/hdubs2026/evergreen-dashboard.git
   138fc4b..d5a1208  main -> main
To https://github.com/hdubs2026/evergreen-dashboard.git
   d5a1208..ab1c8fb  main -> main
To https://github.com/hdubs2026/evergreen-dashboard.git
   ab1c8fb..0b6c683  main -> main
To https://github.com/hdubs2026/evergreen-dashboard.git
   0b6c683..e036e78  main -> main
To https://github.com/hdubs2026/evergreen-dashboard.git
   e036e78..883cd96  main -> main
To https://github.com/hdubs2026/evergreen-dashboard.git
   883cd96..4666dec  main -> main
To https://github.com/hdubs2026/evergreen-dashboard.git
   4666dec..11d45ab  main -> main
To https://github.com/hdubs2026/evergreen-dashboard.git
   11d45ab..f0e3708  main -> main
To https://github.com/hdubs2026/evergreen-dashboard.git
   f0e3708..8df6495  main -> main
To https://github.com/hdubs2026/evergreen-dashboard.git
   8df6495..e56cf67  main -> main
To https://github.com/hdubs2026/evergreen-dashboard.git
   e56cf67..de29f25  main -> main
To https://github.com/hdubs2026/evergreen-dashboard.git
   de29f25..ad2ee57  main -> main
To https://github.com/hdubs2026/evergreen-dashboard.git
   ad2ee57..cd14f46  main -> main
To https://github.com/hdubs2026/evergreen-dashboard.git
   cd14f46..a3d25b1  main -> main
To https://github.com/hdubs2026/evergreen-dashboard.git
   a3d25b1..fef5a2d  main -> main
To https://github.com/hdubs2026/evergreen-dashboard.git
   fef5a2d..9be90ac  main -> main
To https://github.com/hdubs2026/evergreen-dashboard.git
   9be90ac..4a55dde  main -> main
To https://github.com/hdubs2026/evergreen-dashboard.git
   4a55dde..b446c58  main -> main
To https://github.com/hdubs2026/evergreen-dashboard.git
   b446c58..945a147  main -> main
To https://github.com/hdubs2026/evergreen-dashboard.git
   945a147..b57add1  main -> main
To https://github.com/hdubs2026/evergreen-dashboard.git
   b57add1..5eff840  main -> main
To https://github.com/hdubs2026/evergreen-dashboard.git
   5eff840..01e02b8  main -> main
To https://github.com/hdubs2026/evergreen-dashboard.git
   01e02b8..20dbef8  main -> main
To https://github.com/hdubs2026/evergreen-dashboard.git
   20dbef8..607ccc4  main -> main
To https://github.com/hdubs2026/evergreen-dashboard.git
   607ccc4..382ac17  main -> main
To https://github.com/hdubs2026/evergreen-dashboard.git
   382ac17..4071232  main -> main
To https://github.com/hdubs2026/evergreen-dashboard.git
   4071232..50352d3  main -> main
To https://github.com/hdubs2026/evergreen-dashboard.git
   50352d3..e2a50af  main -> main
To https://github.com/hdubs2026/evergreen-dashboard.git
   e2a50af..d26badf  main -> main
To https://github.com/hdubs2026/evergreen-dashboard.git
   d26badf..7698e1a  main -> main
To https://github.com/hdubs2026/evergreen-dashboard.git
   7698e1a..8476b7c  main -> main
To https://github.com/hdubs2026/evergreen-dashboard.git
   8476b7c..7e2883b  main -> main
To https://github.com/hdubs2026/evergreen-dashboard.git
   7e2883b..2b3374e  main -> main
To https://github.com/hdubs2026/evergreen-dashboard.git
   2b3374e..a834de3  main -> main
To https://github.com/hdubs2026/evergreen-dashboard.git
   a834de3..cc8eded  main -> main
To https://github.com/hdubs2026/evergreen-dashboard.git
   cc8eded..69818b2  main -> main
To https://github.com/hdubs2026/evergreen-dashboard.git
   69818b2..b56e889  main -> main
To https://github.com/hdubs2026/evergreen-dashboard.git
   b56e889..0d23111  main -> main
To https://github.com/hdubs2026/evergreen-dashboard.git
   0d23111..98073ea  main -> main
To https://github.com/hdubs2026/evergreen-dashboard.git
   98073ea..dc22559  main -> main
To https://github.com/hdubs2026/evergreen-dashboard.git
   dc22559..5f00b39  main -> main
To https://github.com/hdubs2026/evergreen-dashboard.git
   5f00b39..01a99ac  main -> main
To https://github.com/hdubs2026/evergreen-dashboard.git
   01a99ac..e971dbc  main -> main
To https://github.com/hdubs2026/evergreen-dashboard.git
   e971dbc..723e329  main -> main
To https://github.com/hdubs2026/evergreen-dashboard.git
   723e329..f5a60c7  main -> main
To https://github.com/hdubs2026/evergreen-dashboard.git
   f5a60c7..09d9148  main -> main
To https://github.com/hdubs2026/evergreen-dashboard.git
   09d9148..d2d75d1  main -> main
To https://github.com/hdubs2026/evergreen-dashboard.git
   d2d75d1..dd9331b  main -> main
To https://github.com/hdubs2026/evergreen-dashboard.git
   dd9331b..37fe026  main -> main
To https://github.com/hdubs2026/evergreen-dashboard.git
   37fe026..8c84df6  main -> main
To https://github.com/hdubs2026/evergreen-dashboard.git
   8c84df6..a90c119  main -> main
To https://github.com/hdubs2026/evergreen-dashboard.git
   a90c119..1768301  main -> main
To https://github.com/hdubs2026/evergreen-dashboard.git
   1768301..e05bed1  main -> main
To https://github.com/hdubs2026/evergreen-dashboard.git
   e05bed1..973ccf8  main -> main
To https://github.com/hdubs2026/evergreen-dashboard.git
   973ccf8..9b94f22  main -> main
To https://github.com/hdubs2026/evergreen-dashboard.git
   9b94f22..fccee3d  main -> main
To https://github.com/hdubs2026/evergreen-dashboard.git
   fccee3d..b3cfd90  main -> main
To https://github.com/hdubs2026/evergreen-dashboard.git
   b3cfd90..0248d92  main -> main
To https://github.com/hdubs2026/evergreen-dashboard.git
   0248d92..05ce6ab  main -> main
To https://github.com/hdubs2026/evergreen-dashboard.git
   05ce6ab..1546ee5  main -> main
To https://github.com/hdubs2026/evergreen-dashboard.git
   1546ee5..7a1c85b  main -> main
To https://github.com/hdubs2026/evergreen-dashboard.git
   7a1c85b..1999b76  main -> main
To https://github.com/hdubs2026/evergreen-dashboard.git
   1999b76..5ff99b1  main -> main
To https://github.com/hdubs2026/evergreen-dashboard.git
   5ff99b1..430a62d  main -> main
To https://github.com/hdubs2026/evergreen-dashboard.git
   430a62d..6bdc419  main -> main
To https://github.com/hdubs2026/evergreen-dashboard.git
   6bdc419..aa30669  main -> main
To https://github.com/hdubs2026/evergreen-dashboard.git
   aa30669..ab29ef2  main -> main
To https://github.com/hdubs2026/evergreen-dashboard.git
   ab29ef2..025ce6c  main -> main
To https://github.com/hdubs2026/evergreen-dashboard.git
   025ce6c..b7f6d4c  main -> main
To https://github.com/hdubs2026/evergreen-dashboard.git
   b7f6d4c..3f78144  main -> main
To https://github.com/hdubs2026/evergreen-dashboard.git
   3f78144..8b185aa  main -> main
To https://github.com/hdubs2026/evergreen-dashboard.git
   8b185aa..506ffd2  main -> main
To https://github.com/hdubs2026/evergreen-dashboard.git
   506ffd2..e6eeb34  main -> main
To https://github.com/hdubs2026/evergreen-dashboard.git
   e6eeb34..7c3808e  main -> main
To https://github.com/hdubs2026/evergreen-dashboard.git
   7c3808e..fd8a75b  main -> main
To https://github.com/hdubs2026/evergreen-dashboard.git
   fd8a75b..89ed74e  main -> main
To https://github.com/hdubs2026/evergreen-dashboard.git
   89ed74e..9f08490  main -> main
To https://github.com/hdubs2026/evergreen-dashboard.git
   9f08490..512d800  main -> main
To https://github.com/hdubs2026/evergreen-dashboard.git
   512d800..b526919  main -> main
To https://github.com/hdubs2026/evergreen-dashboard.git
   b526919..0915e0e  main -> main
To https://github.com/hdubs2026/evergreen-dashboard.git
   0915e0e..bb76a18  main -> main
To https://github.com/hdubs2026/evergreen-dashboard.git
   bb76a18..e6ec122  main -> main
To https://github.com/hdubs2026/evergreen-dashboard.git
   e6ec122..113819a  main -> main
To https://github.com/hdubs2026/evergreen-dashboard.git
   113819a..cb2b08f  main -> main
To https://github.com/hdubs2026/evergreen-dashboard.git
   cb2b08f..1b86414  main -> main
To https://github.com/hdubs2026/evergreen-dashboard.git
   1b86414..9be78d8  main -> main
To https://github.com/hdubs2026/evergreen-dashboard.git
   9be78d8..77090dc  main -> main
To https://github.com/hdubs2026/evergreen-dashboard.git
   77090dc..238313f  main -> main
To https://github.com/hdubs2026/evergreen-dashboard.git
   238313f..bc9cc8e  main -> main
To https://github.com/hdubs2026/evergreen-dashboard.git
   bc9cc8e..1e3cdfd  main -> main
To https://github.com/hdubs2026/evergreen-dashboard.git
   1e3cdfd..a984f11  main -> main
To https://github.com/hdubs2026/evergreen-dashboard.git
   a984f11..f8a1948  main -> main
To https://github.com/hdubs2026/evergreen-dashboard.git
   f8a1948..2b8f2b4  main -> main
To https://github.com/hdubs2026/evergreen-dashboard.git
   2b8f2b4..b0e905a  main -> main
To https://github.com/hdubs2026/evergreen-dashboard.git
   b0e905a..625dcac  main -> main
To https://github.com/hdubs2026/evergreen-dashboard.git
   625dcac..013335f  main -> main
fatal: Unable to create '/Users/jarvishstark/.openclaw/workspace/.git/index.lock': File exists.

Another git process seems to be running in this repository, e.g.
an editor opened by 'git commit'. Please make sure all processes
are terminated then try again. If it still fails, a git process
may have crashed in this repository earlier:
remove the file manually to continue.
To https://github.com/hdubs2026/evergreen-dashboard.git
   3326b3c..a0a51b4  main -> main
To https://github.com/hdubs2026/evergreen-dashboard.git
   a0a51b4..3b8e081  main -> main
To https://github.com/hdubs2026/evergreen-dashboard.git
   3b8e081..9c52c56  main -> main
To https://github.com/hdubs2026/evergreen-dashboard.git
   9c52c56..6ca4ab4  main -> main
To https://github.com/hdubs2026/evergreen-dashboard.git
   6ca4ab4..6b4bc65  main -> main
To https://github.com/hdubs2026/evergreen-dashboard.git
   6b4bc65..157493e  main -> main
To https://github.com/hdubs2026/evergreen-dashboard.git
   157493e..f742b02  main -> main
To https://github.com/hdubs2026/evergreen-dashboard.git
   f742b02..c3190d8  main -> main
To https://github.com/hdubs2026/evergreen-dashboard.git
   c3190d8..53547cd  main -> main
To https://github.com/hdubs2026/evergreen-dashboard.git
   53547cd..76f400b  main -> main
To https://github.com/hdubs2026/evergreen-dashboard.git
   76f400b..a7df892  main -> main
To https://github.com/hdubs2026/evergreen-dashboard.git
   a7df892..d738da4  main -> main
To https://github.com/hdubs2026/evergreen-dashboard.git
   d738da4..3cdb7e5  main -> main
To https://github.com/hdubs2026/evergreen-dashboard.git
   3cdb7e5..813de7a  main -> main
To https://github.com/hdubs2026/evergreen-dashboard.git
   813de7a..b90bf20  main -> main
To https://github.com/hdubs2026/evergreen-dashboard.git
   b90bf20..4afd8ec  main -> main
To https://github.com/hdubs2026/evergreen-dashboard.git
   4afd8ec..e53eda3  main -> main
To https://github.com/hdubs2026/evergreen-dashboard.git
   e53eda3..659e4f8  main -> main
To https://github.com/hdubs2026/evergreen-dashboard.git
   659e4f8..556cc4b  main -> main
To https://github.com/hdubs2026/evergreen-dashboard.git
   556cc4b..c7ec688  main -> main
To https://github.com/hdubs2026/evergreen-dashboard.git
   c7ec688..22fd87d  main -> main
