🧮 JORDAN - DAILY FINANCE AUTOMATION

📅 Date: 2026-04-21
⏰ Scheduled: 6:05 AM

1. PULLING QUICKBOOKS DATA
   Note: Using Zapier connection for QuickBooks
   QuickBooks search available via Zapier - needs specific action configuration

2. PULLING JOBBER DATA

Getting Jobber summary...
✅ Success

3. CALCULATING COMPLETED JOBS

Getting completed jobs...
✅ Success

4. CALCULATING JOB MARGINS
   Found 50 completed jobs
   40 jobs below threshold

5. CREATING DAILY BRIEFING FOR JARVIS
✅ Briefing saved: /Users/jarvishstark/.openclaw/workspace/memory/jordan-briefing-2026-04-21.md

🚨 ALERT: Low margin jobs detected
⚠️ Alert saved: /Users/jarvishstark/.openclaw/workspace/memory/alert-low-margin-2026-04-21.md

🎯 DAILY AUTOMATION COMPLETE
📊 Summary: 151 clients, 64 jobs, $9757.44 revenue
📅 Next run: Tomorrow at 6:05 AM
🧮 JORDAN - DAILY FINANCE AUTOMATION

📅 Date: 2026-04-22
⏰ Scheduled: 6:05 AM

1. PULLING QUICKBOOKS DATA
   Note: Using Zapier connection for QuickBooks
   QuickBooks search available via Zapier - needs specific action configuration

2. PULLING JOBBER DATA

Getting Jobber summary...
✅ Success

3. CALCULATING COMPLETED JOBS

Getting completed jobs...
✅ Success

4. CALCULATING JOB MARGINS
   Found 50 completed jobs
   40 jobs below threshold

5. CREATING DAILY BRIEFING FOR JARVIS
✅ Briefing saved: /Users/jarvishstark/.openclaw/workspace/memory/jordan-briefing-2026-04-22.md

🚨 ALERT: Low margin jobs detected
⚠️ Alert saved: /Users/jarvishstark/.openclaw/workspace/memory/alert-low-margin-2026-04-22.md

🎯 DAILY AUTOMATION COMPLETE
📊 Summary: 151 clients, 64 jobs, $9757.44 revenue
📅 Next run: Tomorrow at 6:05 AM
🧮 JORDAN - DAILY FINANCE AUTOMATION

📅 Date: 2026-04-23
⏰ Scheduled: 6:05 AM

1. PULLING QUICKBOOKS DATA
   Note: Using Zapier connection for QuickBooks
   QuickBooks search available via Zapier - needs specific action configuration

2. PULLING JOBBER DATA

Getting Jobber summary...
✅ Success

3. CALCULATING COMPLETED JOBS

Getting completed jobs...
✅ Success

4. CALCULATING JOB MARGINS
   Found 50 completed jobs
   41 jobs below threshold

5. CREATING DAILY BRIEFING FOR JARVIS
✅ Briefing saved: /Users/jarvishstark/.openclaw/workspace/memory/jordan-briefing-2026-04-23.md

🚨 ALERT: Low margin jobs detected
⚠️ Alert saved: /Users/jarvishstark/.openclaw/workspace/memory/alert-low-margin-2026-04-23.md

🎯 DAILY AUTOMATION COMPLETE
📊 Summary: 152 clients, 66 jobs, $13703.92 revenue
📅 Next run: Tomorrow at 6:05 AM
🧮 JORDAN - DAILY FINANCE AUTOMATION

📅 Date: 2026-04-24
⏰ Scheduled: 6:05 AM

1. PULLING QUICKBOOKS DATA
   Note: Using Zapier connection for QuickBooks
   QuickBooks search available via Zapier - needs specific action configuration

2. PULLING JOBBER DATA

Getting Jobber summary...
✅ Success

3. CALCULATING COMPLETED JOBS

Getting completed jobs...
✅ Success

4. CALCULATING JOB MARGINS
   Found 50 completed jobs
   41 jobs below threshold

5. CREATING DAILY BRIEFING FOR JARVIS
✅ Briefing saved: /Users/jarvishstark/.openclaw/workspace/memory/jordan-briefing-2026-04-24.md

🚨 ALERT: Low margin jobs detected
⚠️ Alert saved: /Users/jarvishstark/.openclaw/workspace/memory/alert-low-margin-2026-04-24.md

🎯 DAILY AUTOMATION COMPLETE
📊 Summary: 153 clients, 66 jobs, $15339.92 revenue
📅 Next run: Tomorrow at 6:05 AM
